0 info it worked if it ends with ok
1 verbose cli [ '/home/ubuntu/.nvm/versions/node/v4.6.1/bin/node',
1 verbose cli   '/home/ubuntu/.nvm/versions/node/v4.6.1/bin/npm',
1 verbose cli   'install',
1 verbose cli   'grunt-connect-rewrite',
1 verbose cli   '--save-dev' ]
2 info using npm@2.15.9
3 info using node@v4.6.1
4 verbose install initial load of /home/ubuntu/workspace/package.json
5 verbose installManyTop reading scoped package data from /home/ubuntu/workspace/node_modules/angular/package.json
6 verbose installManyTop reading scoped package data from /home/ubuntu/workspace/node_modules/body-parser/package.json
7 verbose installManyTop reading scoped package data from /home/ubuntu/workspace/node_modules/cookie-parser/package.json
8 verbose installManyTop reading scoped package data from /home/ubuntu/workspace/node_modules/debug/package.json
9 verbose installManyTop reading scoped package data from /home/ubuntu/workspace/node_modules/express/package.json
10 verbose installManyTop reading scoped package data from /home/ubuntu/workspace/node_modules/grunt/package.json
11 verbose installManyTop reading scoped package data from /home/ubuntu/workspace/node_modules/jade/package.json
12 verbose installManyTop reading scoped package data from /home/ubuntu/workspace/node_modules/jquery/package.json
13 verbose installManyTop reading scoped package data from /home/ubuntu/workspace/node_modules/morgan/package.json
14 verbose installManyTop reading scoped package data from /home/ubuntu/workspace/node_modules/serve-favicon/package.json
15 verbose readDependencies loading dependencies from /home/ubuntu/workspace/package.json
16 silly cache add args [ 'grunt-connect-rewrite', null ]
17 verbose cache add spec grunt-connect-rewrite
18 silly cache add parsed spec Result {
18 silly cache add   raw: 'grunt-connect-rewrite',
18 silly cache add   scope: null,
18 silly cache add   name: 'grunt-connect-rewrite',
18 silly cache add   rawSpec: '',
18 silly cache add   spec: 'latest',
18 silly cache add   type: 'tag' }
19 silly addNamed grunt-connect-rewrite@latest
20 verbose addNamed "latest" is being treated as a dist-tag for grunt-connect-rewrite
21 info addNameTag [ 'grunt-connect-rewrite', 'latest' ]
22 silly mapToRegistry name grunt-connect-rewrite
23 silly mapToRegistry using default registry
24 silly mapToRegistry registry https://registry.npmjs.org/
25 silly mapToRegistry data Result {
25 silly mapToRegistry   raw: 'grunt-connect-rewrite',
25 silly mapToRegistry   scope: null,
25 silly mapToRegistry   name: 'grunt-connect-rewrite',
25 silly mapToRegistry   rawSpec: '',
25 silly mapToRegistry   spec: 'latest',
25 silly mapToRegistry   type: 'tag' }
26 silly mapToRegistry uri https://registry.npmjs.org/grunt-connect-rewrite
27 verbose addNameTag registry:https://registry.npmjs.org/grunt-connect-rewrite not in flight; fetching
28 verbose request uri https://registry.npmjs.org/grunt-connect-rewrite
29 verbose request no auth needed
30 info attempt registry request try #1 at 7:11:21 PM
31 verbose request id 0720b1b136729606
32 http request GET https://registry.npmjs.org/grunt-connect-rewrite
33 http 200 https://registry.npmjs.org/grunt-connect-rewrite
34 verbose headers { server: 'nginx/1.10.1',
34 verbose headers   'content-type': 'application/json',
34 verbose headers   'last-modified': 'Wed, 12 Feb 2014 12:02:33 GMT',
34 verbose headers   etag: 'W/"52fb62d9-2b38"',
34 verbose headers   'content-encoding': 'gzip',
34 verbose headers   'cache-control': 'max-age=300',
34 verbose headers   'content-length': '2970',
34 verbose headers   'accept-ranges': 'bytes',
34 verbose headers   date: 'Tue, 03 Jan 2017 19:11:22 GMT',
34 verbose headers   via: '1.1 varnish',
34 verbose headers   age: '0',
34 verbose headers   connection: 'keep-alive',
34 verbose headers   'x-served-by': 'cache-ord1735-ORD',
34 verbose headers   'x-cache': 'MISS',
34 verbose headers   'x-cache-hits': '0',
34 verbose headers   'x-timer': 'S1483470681.989672,VS0,VE19',
34 verbose headers   vary: 'Accept-Encoding' }
35 silly get cb [ 200,
35 silly get   { server: 'nginx/1.10.1',
35 silly get     'content-type': 'application/json',
35 silly get     'last-modified': 'Wed, 12 Feb 2014 12:02:33 GMT',
35 silly get     etag: 'W/"52fb62d9-2b38"',
35 silly get     'content-encoding': 'gzip',
35 silly get     'cache-control': 'max-age=300',
35 silly get     'content-length': '2970',
35 silly get     'accept-ranges': 'bytes',
35 silly get     date: 'Tue, 03 Jan 2017 19:11:22 GMT',
35 silly get     via: '1.1 varnish',
35 silly get     age: '0',
35 silly get     connection: 'keep-alive',
35 silly get     'x-served-by': 'cache-ord1735-ORD',
35 silly get     'x-cache': 'MISS',
35 silly get     'x-cache-hits': '0',
35 silly get     'x-timer': 'S1483470681.989672,VS0,VE19',
35 silly get     vary: 'Accept-Encoding' } ]
36 verbose get saving grunt-connect-rewrite to /home/ubuntu/.npm/registry.npmjs.org/grunt-connect-rewrite/.cache.json
37 verbose correctMkdir /home/ubuntu/.npm correctMkdir not in flight; initializing
38 silly addNameTag next cb for grunt-connect-rewrite with tag latest
39 silly addNamed grunt-connect-rewrite@0.2.1
40 verbose addNamed "0.2.1" is a plain semver version for grunt-connect-rewrite
41 silly mapToRegistry name grunt-connect-rewrite
42 silly mapToRegistry using default registry
43 silly mapToRegistry registry https://registry.npmjs.org/
44 silly mapToRegistry data Result {
44 silly mapToRegistry   raw: 'grunt-connect-rewrite',
44 silly mapToRegistry   scope: null,
44 silly mapToRegistry   name: 'grunt-connect-rewrite',
44 silly mapToRegistry   rawSpec: '',
44 silly mapToRegistry   spec: 'latest',
44 silly mapToRegistry   type: 'tag' }
45 silly mapToRegistry uri https://registry.npmjs.org/grunt-connect-rewrite
46 verbose addRemoteTarball https://registry.npmjs.org/grunt-connect-rewrite/-/grunt-connect-rewrite-0.2.1.tgz not in flight; adding
47 verbose addRemoteTarball [ 'https://registry.npmjs.org/grunt-connect-rewrite/-/grunt-connect-rewrite-0.2.1.tgz',
47 verbose addRemoteTarball   'ba7e333aed6e679237945e58e1fd19626645b2eb' ]
48 info retry fetch attempt 1 at 7:11:22 PM
49 info attempt registry request try #1 at 7:11:22 PM
50 http fetch GET https://registry.npmjs.org/grunt-connect-rewrite/-/grunt-connect-rewrite-0.2.1.tgz
51 http fetch 200 https://registry.npmjs.org/grunt-connect-rewrite/-/grunt-connect-rewrite-0.2.1.tgz
52 silly fetchAndShaCheck shasum ba7e333aed6e679237945e58e1fd19626645b2eb
53 verbose addTmpTarball /tmp/npm-1726-a9e87b76/registry.npmjs.org/grunt-connect-rewrite/-/grunt-connect-rewrite-0.2.1.tgz not in flight; adding
54 verbose addTmpTarball already have metadata; skipping unpack for grunt-connect-rewrite@0.2.1
55 verbose correctMkdir /home/ubuntu/.npm correctMkdir not in flight; initializing
56 silly cache afterAdd grunt-connect-rewrite@0.2.1
57 verbose afterAdd /home/ubuntu/.npm/grunt-connect-rewrite/0.2.1/package/package.json not in flight; writing
58 verbose correctMkdir /home/ubuntu/.npm correctMkdir not in flight; initializing
59 verbose afterAdd /home/ubuntu/.npm/grunt-connect-rewrite/0.2.1/package/package.json written
60 silly install resolved [ { name: 'grunt-connect-rewrite',
60 silly install resolved     description: 'Provides RewriteRules middleware for the grunt connect and express.',
60 silly install resolved     version: '0.2.1',
60 silly install resolved     homepage: 'https://github.com/viart/grunt-connect-rewrite',
60 silly install resolved     author: { name: 'Artem Vitiuk', email: 'artem@devart.in.ua' },
60 silly install resolved     repository:
60 silly install resolved      { type: 'git',
60 silly install resolved        url: 'git@github.com:viart/grunt-connect-rewrite.git' },
60 silly install resolved     bugs: { url: 'https://github.com/viart/grunt-connect-rewrite/issues' },
60 silly install resolved     licenses: [ [Object] ],
60 silly install resolved     main: 'Gruntfile.js',
60 silly install resolved     engines: { node: '>= 0.8.0' },
60 silly install resolved     scripts: { test: 'grunt test' },
60 silly install resolved     devDependencies:
60 silly install resolved      { 'grunt-contrib-jshint': '~0.1.1',
60 silly install resolved        'grunt-contrib-clean': '~0.4.0',
60 silly install resolved        'grunt-contrib-nodeunit': '~0.1.2',
60 silly install resolved        grunt: '~0.4.1' },
60 silly install resolved     peerDependencies: { grunt: '~0.4.1' },
60 silly install resolved     keywords:
60 silly install resolved      [ 'gruntplugin',
60 silly install resolved        'grunt-contrib-connect',
60 silly install resolved        'grunt-express',
60 silly install resolved        'modrewrite',
60 silly install resolved        'rewriterule',
60 silly install resolved        'rewrite',
60 silly install resolved        'route',
60 silly install resolved        'connect',
60 silly install resolved        'express' ],
60 silly install resolved     _id: 'grunt-connect-rewrite@0.2.1',
60 silly install resolved     dist:
60 silly install resolved      { shasum: 'ba7e333aed6e679237945e58e1fd19626645b2eb',
60 silly install resolved        tarball: 'https://registry.npmjs.org/grunt-connect-rewrite/-/grunt-connect-rewrite-0.2.1.tgz' },
60 silly install resolved     _from: 'grunt-connect-rewrite@latest',
60 silly install resolved     _npmVersion: '1.3.25',
60 silly install resolved     _npmUser: { name: 'viart', email: 'artem@devart.in.ua' },
60 silly install resolved     maintainers: [ [Object] ],
60 silly install resolved     directories: {},
60 silly install resolved     _shasum: 'ba7e333aed6e679237945e58e1fd19626645b2eb',
60 silly install resolved     _resolved: 'https://registry.npmjs.org/grunt-connect-rewrite/-/grunt-connect-rewrite-0.2.1.tgz' } ]
61 info install grunt-connect-rewrite@0.2.1 into /home/ubuntu/workspace
62 info installOne grunt-connect-rewrite@0.2.1
63 verbose installOne of grunt-connect-rewrite to /home/ubuntu/workspace not in flight; installing
64 verbose correctMkdir /home/ubuntu/.npm/_locks correctMkdir not in flight; initializing
65 verbose lock using /home/ubuntu/.npm/_locks/grunt-connect-rewrite-848bf67a6c7a0224.lock for /home/ubuntu/workspace/node_modules/grunt-connect-rewrite
66 silly install write writing grunt-connect-rewrite 0.2.1 to /home/ubuntu/workspace/node_modules/grunt-connect-rewrite
67 verbose unbuild node_modules/grunt-connect-rewrite
68 silly gentlyRm /home/ubuntu/workspace/node_modules/grunt-connect-rewrite is being purged from base /home/ubuntu/workspace
69 verbose gentlyRm don't care about contents; nuking /home/ubuntu/workspace/node_modules/grunt-connect-rewrite
70 verbose tar unpack /home/ubuntu/.npm/grunt-connect-rewrite/0.2.1/package.tgz
71 verbose tar unpacking to /home/ubuntu/workspace/node_modules/grunt-connect-rewrite
72 silly gentlyRm /home/ubuntu/workspace/node_modules/grunt-connect-rewrite is being purged
73 verbose gentlyRm don't care about contents; nuking /home/ubuntu/workspace/node_modules/grunt-connect-rewrite
74 silly gunzTarPerm modes [ '755', '644' ]
75 silly gunzTarPerm extractEntry package.json
76 silly gunzTarPerm extractEntry .npmignore
77 silly gunzTarPerm extractEntry README.md
78 silly gunzTarPerm extractEntry Gruntfile.js
79 silly gunzTarPerm extractEntry .jshintrc
80 silly gunzTarPerm extractEntry .travis.yml
81 silly gunzTarPerm extractEntry LICENSE-MIT
82 silly gunzTarPerm extractEntry lib/utils.js
83 silly gunzTarPerm extractEntry tasks/connect_rewrite.js
84 silly gunzTarPerm extractEntry test/connect_rewrite_test.js
85 verbose write writing to /home/ubuntu/workspace/node_modules/grunt-connect-rewrite/package.json
86 info preinstall grunt-connect-rewrite@0.2.1
87 verbose readDependencies loading dependencies from /home/ubuntu/workspace/node_modules/grunt-connect-rewrite/package.json
88 silly prepareForInstallMany adding grunt@~0.4.1 from grunt-connect-rewrite peerDependencies
89 warn peerDependencies The peer dependency grunt@~0.4.1 included from grunt-connect-rewrite will no
90 warn peerDependencies longer be automatically installed to fulfill the peerDependency
91 warn peerDependencies in npm 3+. Your application will need to depend on it explicitly.
92 verbose readDependencies loading dependencies from /home/ubuntu/workspace/node_modules/grunt-connect-rewrite/package.json
93 silly install resolved []
94 verbose about to build /home/ubuntu/workspace/node_modules/grunt-connect-rewrite
95 info build /home/ubuntu/workspace/node_modules/grunt-connect-rewrite
96 info linkStuff grunt-connect-rewrite@0.2.1
97 silly linkStuff grunt-connect-rewrite@0.2.1 has /home/ubuntu/workspace/node_modules as its parent node_modules
98 verbose linkBins grunt-connect-rewrite@0.2.1
99 verbose linkMans grunt-connect-rewrite@0.2.1
100 verbose rebuildBundles grunt-connect-rewrite@0.2.1
101 info install grunt-connect-rewrite@0.2.1
102 info postinstall grunt-connect-rewrite@0.2.1
103 verbose readDependencies loading dependencies from /home/ubuntu/workspace/package.json
104 verbose targetResolver reading package data from /home/ubuntu/workspace/node_modules/angular/package.json
105 verbose targetResolver reading package data from /home/ubuntu/workspace/node_modules/body-parser/package.json
106 verbose targetResolver reading package data from /home/ubuntu/workspace/node_modules/cookie-parser/package.json
107 verbose targetResolver reading package data from /home/ubuntu/workspace/node_modules/debug/package.json
108 verbose targetResolver reading package data from /home/ubuntu/workspace/node_modules/express/package.json
109 verbose targetResolver reading package data from /home/ubuntu/workspace/node_modules/grunt/package.json
110 verbose targetResolver reading package data from /home/ubuntu/workspace/node_modules/grunt-connect-rewrite/package.json
111 verbose targetResolver reading package data from /home/ubuntu/workspace/node_modules/jade/package.json
112 verbose targetResolver reading package data from /home/ubuntu/workspace/node_modules/jquery/package.json
113 verbose targetResolver reading package data from /home/ubuntu/workspace/node_modules/morgan/package.json
114 verbose targetResolver reading package data from /home/ubuntu/workspace/node_modules/serve-favicon/package.json
115 verbose targetResolver reading package data from /home/ubuntu/workspace/node_modules/.bin/grunt/package.json
116 verbose targetResolver reading package data from /home/ubuntu/workspace/node_modules/.bin/jade/package.json
117 verbose already installed skipping grunt@~0.4.1 /home/ubuntu/workspace
118 silly install resolved []
119 verbose unlock done using /home/ubuntu/.npm/_locks/grunt-connect-rewrite-848bf67a6c7a0224.lock for /home/ubuntu/workspace/node_modules/grunt-connect-rewrite
120 verbose validateInstall loading /home/ubuntu/workspace/package.json for validation
121 verbose stack Error: The package grunt@1.0.1 does not satisfy its siblings' peerDependencies requirements!
121 verbose stack     at /home/ubuntu/.nvm/versions/node/v4.6.1/lib/node_modules/npm/lib/install.js:125:32
121 verbose stack     at /home/ubuntu/.nvm/versions/node/v4.6.1/lib/node_modules/npm/lib/install.js:268:7
121 verbose stack     at /home/ubuntu/.nvm/versions/node/v4.6.1/lib/node_modules/npm/node_modules/read-installed/read-installed.js:142:5
121 verbose stack     at /home/ubuntu/.nvm/versions/node/v4.6.1/lib/node_modules/npm/node_modules/read-installed/read-installed.js:263:14
121 verbose stack     at cb (/home/ubuntu/.nvm/versions/node/v4.6.1/lib/node_modules/npm/node_modules/slide/lib/async-map.js:47:24)
121 verbose stack     at /home/ubuntu/.nvm/versions/node/v4.6.1/lib/node_modules/npm/node_modules/read-installed/read-installed.js:263:14
121 verbose stack     at cb (/home/ubuntu/.nvm/versions/node/v4.6.1/lib/node_modules/npm/node_modules/slide/lib/async-map.js:47:24)
121 verbose stack     at /home/ubuntu/.nvm/versions/node/v4.6.1/lib/node_modules/npm/node_modules/read-installed/read-installed.js:263:14
121 verbose stack     at cb (/home/ubuntu/.nvm/versions/node/v4.6.1/lib/node_modules/npm/node_modules/slide/lib/async-map.js:47:24)
121 verbose stack     at /home/ubuntu/.nvm/versions/node/v4.6.1/lib/node_modules/npm/node_modules/read-installed/read-installed.js:263:14
122 verbose cwd /home/ubuntu/workspace
123 error Linux 4.2.0-c9
124 error argv "/home/ubuntu/.nvm/versions/node/v4.6.1/bin/node" "/home/ubuntu/.nvm/versions/node/v4.6.1/bin/npm" "install" "grunt-connect-rewrite" "--save-dev"
125 error node v4.6.1
126 error npm  v2.15.9
127 error code EPEERINVALID
128 error peerinvalid The package grunt@1.0.1 does not satisfy its siblings' peerDependencies requirements!
128 error peerinvalid Peer grunt-connect-rewrite@0.2.1 wants grunt@~0.4.1
129 verbose exit [ 1, true ]
